<?xml version="1.0" encoding="UTF-8"?>
<!-- Generated by org.testng.reporters.JUnitReportReporter -->
<testsuite hostname="Blr1-lhp-n82969" failures="0" tests="1" name="Day1.HTTPRequests" time="2.250" errors="0" timestamp="2024-09-16T12:25:35 IST" skipped="0">
  <testcase classname="Day1.HTTPRequests" name="loginUser" time="2.250"/>
</testsuite> <!-- Day1.HTTPRequests -->
